<?xml version="1.0" encoding="UTF-8"?>
<!-- Generated by org.testng.reporters.JUnitXMLReporter -->
<testsuite ignored="2" hostname="HP" failures="0" tests="1" name="Default test" time="30.767" errors="0" timestamp="2025-09-19T17:37:15 IST">
  <testcase classname="ConfigAnnotation.CreateContactTest" name="createContact" time="10.967"/>
  <testcase classname="ConfigAnnotation.CreateContactTest" name="CreateContactWithDate" time="0.0">
    <ignored/>
  </testcase> <!-- CreateContactWithDate -->
  <testcase classname="ConfigAnnotation.CreateContactTest" name="CreateContactWithOrgTest" time="0.0">
    <ignored/>
  </testcase> <!-- CreateContactWithOrgTest -->
</testsuite> <!-- Default test -->
