<?xml version="1.0" encoding="UTF-8"?>
<!-- Generated by org.testng.reporters.JUnitXMLReporter -->
<testsuite ignored="7" hostname="HP" failures="0" tests="2" name="Test" time="33.099" errors="0" timestamp="2025-09-19T16:19:15 IST">
  <testcase classname="ConfigAnnotation.CreateContactTest" name="createContact" time="5.284"/>
  <testcase classname="ConfigAnnotation.CreateOrgTest" name="DeleteOrgTest" time="6.771"/>
  <testcase classname="Baseclass.BaseClass" name="@BeforeSuite configBS" time="0.0">
    <ignored/>
  </testcase> <!-- @BeforeSuite configBS -->
  <testcase classname="ConfigAnnotation.CreateOrgTest" name="CreateOrgWithIndustry" time="0.0">
    <ignored/>
  </testcase> <!-- CreateOrgWithIndustry -->
  <testcase classname="Baseclass.BaseClass" name="@AfterSuite configAS" time="0.0">
    <ignored/>
  </testcase> <!-- @AfterSuite configAS -->
  <testcase classname="ConfigAnnotation.CreateContactTest" name="CreateContactWithOrgTest" time="0.0">
    <ignored/>
  </testcase> <!-- CreateContactWithOrgTest -->
  <testcase classname="ConfigAnnotation.CreateContactTest" name="CreateContactWithDate" time="0.0">
    <ignored/>
  </testcase> <!-- CreateContactWithDate -->
  <testcase classname="ConfigAnnotation.CreateOrgTest" name="createOrganization" time="0.0">
    <ignored/>
  </testcase> <!-- createOrganization -->
  <testcase classname="ConfigAnnotation.CreateOrgTest" name="OrgWithPhoneNo" time="0.0">
    <ignored/>
  </testcase> <!-- OrgWithPhoneNo -->
</testsuite> <!-- Test -->
