<?xml version="1.0" encoding="UTF-8"?>
<!-- Generated by org.testng.reporters.JUnitXMLReporter -->
<testsuite ignored="0" hostname="HP" failures="0" tests="4" name="Test2" time="47.721" errors="0" timestamp="2025-09-08T15:30:11 IST">
  <testcase classname="ParallelExecution.CreateOrgTest" name="CreateOrgWithIndustry" time="8.017"/>
  <testcase classname="ParallelExecution.CreateOrgTest" name="DeleteOrgTest" time="9.475"/>
  <testcase classname="ParallelExecution.CreateOrgTest" name="OrgWithPhoneNo" time="7.816"/>
  <testcase classname="ParallelExecution.CreateOrgTest" name="createOrganization" time="5.91"/>
</testsuite> <!-- Test2 -->
