<?xml version="1.0" encoding="UTF-8"?>
<!-- Generated by org.testng.reporters.JUnitXMLReporter -->
<testsuite ignored="0" hostname="HP" failures="0" tests="3" name="Test1" time="51.441" errors="0" timestamp="2025-09-08T15:30:15 IST">
  <testcase classname="ParallelExecution.CreateContactTest" name="CreateContactWithDate" time="8.196"/>
  <testcase classname="ParallelExecution.CreateContactTest" name="CreateContactWithOrgTest" time="24.955"/>
  <testcase classname="ParallelExecution.CreateContactTest" name="createContact" time="5.241"/>
</testsuite> <!-- Test1 -->
