<?xml version="1.0" encoding="UTF-8"?>
<!-- Generated by org.testng.reporters.JUnitXMLReporter -->
<testsuite ignored="4" hostname="HP" failures="0" tests="12" name="Test" time="217.66" errors="0" timestamp="2025-09-24T16:03:05 IST">
  <testcase classname="ExtentReport.CreateOrgTest" name="CreateOrgWithIndustry" time="9.932"/>
  <testcase classname="ExtentReport.CreateOrgTest" name="DeleteOrgTest" time="10.852"/>
  <testcase classname="ExtentReport.CreateOrgTest" name="OrgWithPhoneNo" time="11.864"/>
  <testcase classname="ExtentReport.CreateOrgTest" name="createOrganization" time="7.916"/>
  <testcase classname="ExtentReport.CreateContactTest" name="CreateContactWithDate" time="8.115"/>
  <testcase classname="ExtentReport.CreateContactTest" name="CreateContactWithOrgTest" time="29.434"/>
  <testcase classname="ExtentReport.CreateContactTest" name="createContact" time="8.461"/>
  <testcase classname="ExtentReport.CreateProductAndTroubleTicket" name="CreateProductAndTroubleTickettest" time="20.232"/>
  <testcase classname="ExtentReport.CreateProductAndTroubleTicket" name="CreateProductSalesAndSupport" time="7.974"/>
  <testcase classname="ExtentReport.CreateProductAndTroubleTicket" name="CreateProductSalesDate" time="7.536"/>
  <testcase classname="ExtentReport.CreateProductAndTroubleTicket" name="CreateProductTest" time="8.295"/>
  <testcase classname="ExtentReport.CreateProductAndTroubleTicket" name="CreateTroubleTicketTest" time="9.131"/>
  <testcase classname="Baseclass.BaseClass" name="@AfterSuite configAS" time="0.0">
    <ignored/>
  </testcase> <!-- @AfterSuite configAS -->
  <testcase classname="Baseclass.BaseClass" name="@BeforeSuite configBS" time="0.0">
    <ignored/>
  </testcase> <!-- @BeforeSuite configBS -->
  <testcase classname="Baseclass.BaseClass" name="@AfterSuite configAS" time="0.0">
    <ignored/>
  </testcase> <!-- @AfterSuite configAS -->
  <testcase classname="Baseclass.BaseClass" name="@BeforeSuite configBS" time="0.0">
    <ignored/>
  </testcase> <!-- @BeforeSuite configBS -->
</testsuite> <!-- Test -->
