<?xml version="1.0" encoding="UTF-8"?>
<!-- Generated by org.testng.reporters.JUnitXMLReporter -->
<testsuite ignored="0" hostname="HP" failures="0" tests="3" name="Test1" time="79.851" errors="0" timestamp="2025-09-16T16:20:05 IST">
  <testcase classname="ParallelExecution.CreateContactTest" name="CreateContactWithDate" time="16.158"/>
  <testcase classname="ParallelExecution.CreateContactTest" name="CreateContactWithOrgTest" time="31.245"/>
  <testcase classname="ParallelExecution.CreateContactTest" name="createContact" time="11.697"/>
</testsuite> <!-- Test1 -->
