<?xml version="1.0" encoding="UTF-8"?>
<!-- Generated by org.testng.reporters.JUnitXMLReporter -->
<testsuite ignored="0" hostname="HP" failures="0" tests="4" name="Test2" time="84.622" errors="0" timestamp="2025-09-16T16:20:10 IST">
  <testcase classname="ParallelExecution.CreateOrgTest" name="CreateOrgWithIndustry" time="16.311"/>
  <testcase classname="ParallelExecution.CreateOrgTest" name="DeleteOrgTest" time="14.367"/>
  <testcase classname="ParallelExecution.CreateOrgTest" name="OrgWithPhoneNo" time="15.185"/>
  <testcase classname="ParallelExecution.CreateOrgTest" name="createOrganization" time="7.437"/>
</testsuite> <!-- Test2 -->
