<?xml version="1.0" encoding="UTF-8"?>
<testng-results ignored="2" total="3" passed="1" failed="0" skipped="0">
  <reporter-output>
  </reporter-output>
  <suite started-at="2025-09-19T17:36:45 IST" name="Default suite" finished-at="2025-09-19T17:37:15 IST" duration-ms="30767">
    <groups>
    </groups>
    <test started-at="2025-09-19T17:36:45 IST" name="Default test" finished-at="2025-09-19T17:37:15 IST" duration-ms="30767">
      <class name="ConfigAnnotation.CreateContactTest">
        <test-method is-config="true" signature="configBS()[pri:0, instance:ConfigAnnotation.CreateContactTest@445b295b]" started-at="2025-09-19T17:36:45 IST" name="configBS" finished-at="2025-09-19T17:36:45 IST" duration-ms="34" status="PASS">
          <reporter-output>
          </reporter-output>
        </test-method> <!-- configBS -->
        <test-method is-config="true" signature="configBC()[pri:0, instance:ConfigAnnotation.CreateContactTest@445b295b]" started-at="2025-09-19T17:36:45 IST" name="configBC" finished-at="2025-09-19T17:36:48 IST" duration-ms="3874" status="PASS">
          <reporter-output>
          </reporter-output>
        </test-method> <!-- configBC -->
        <test-method is-config="true" signature="configBM()[pri:0, instance:ConfigAnnotation.CreateContactTest@445b295b]" started-at="2025-09-19T17:36:49 IST" name="configBM" finished-at="2025-09-19T17:37:03 IST" duration-ms="14150" status="PASS">
          <reporter-output>
          </reporter-output>
        </test-method> <!-- configBM -->
        <test-method signature="createContact()[pri:0, instance:ConfigAnnotation.CreateContactTest@445b295b]" started-at="2025-09-19T17:37:03 IST" name="createContact" finished-at="2025-09-19T17:37:14 IST" duration-ms="10967" status="PASS">
          <reporter-output>
          </reporter-output>
        </test-method> <!-- createContact -->
        <test-method is-config="true" signature="configAM()[pri:0, instance:ConfigAnnotation.CreateContactTest@445b295b]" started-at="2025-09-19T17:37:14 IST" name="configAM" finished-at="2025-09-19T17:37:15 IST" duration-ms="1318" status="PASS">
          <reporter-output>
          </reporter-output>
        </test-method> <!-- configAM -->
        <test-method is-config="true" signature="configAC()[pri:0, instance:ConfigAnnotation.CreateContactTest@445b295b]" started-at="2025-09-19T17:37:15 IST" name="configAC" finished-at="2025-09-19T17:37:15 IST" duration-ms="346" status="PASS">
          <reporter-output>
          </reporter-output>
        </test-method> <!-- configAC -->
        <test-method is-config="true" signature="configAS()[pri:0, instance:ConfigAnnotation.CreateContactTest@445b295b]" started-at="2025-09-19T17:37:15 IST" name="configAS" finished-at="2025-09-19T17:37:15 IST" duration-ms="1" status="PASS">
          <reporter-output>
          </reporter-output>
        </test-method> <!-- configAS -->
      </class> <!-- ConfigAnnotation.CreateContactTest -->
    </test> <!-- Default test -->
  </suite> <!-- Default suite -->
</testng-results>
