<?xml version="1.0" encoding="UTF-8"?>
<!-- Generated by org.testng.reporters.JUnitXMLReporter -->
<testsuite ignored="7" hostname="HP" failures="0" tests="2" name="Test" time="26.528" errors="0" timestamp="2025-09-12T16:09:02 IST">
  <testcase classname="GroupExecution.CreateOrgTest" name="createOrganization" time="8.92"/>
  <testcase classname="GroupExecution.CreateContactTest" name="createContact" time="7.454"/>
  <testcase classname="GroupExecution.CreateOrgTest" name="CreateOrgWithIndustry" time="0.0">
    <ignored/>
  </testcase> <!-- CreateOrgWithIndustry -->
  <testcase classname="GroupExecution.CreateOrgTest" name="DeleteOrgTest" time="0.0">
    <ignored/>
  </testcase> <!-- DeleteOrgTest -->
  <testcase classname="GroupExecution.CreateContactTest" name="CreateContactWithOrgTest" time="0.0">
    <ignored/>
  </testcase> <!-- CreateContactWithOrgTest -->
  <testcase classname="Baseclass.BaseClass" name="@BeforeSuite configBS" time="0.0">
    <ignored/>
  </testcase> <!-- @BeforeSuite configBS -->
  <testcase classname="Baseclass.BaseClass" name="@AfterSuite configAS" time="0.0">
    <ignored/>
  </testcase> <!-- @AfterSuite configAS -->
  <testcase classname="GroupExecution.CreateOrgTest" name="OrgWithPhoneNo" time="0.0">
    <ignored/>
  </testcase> <!-- OrgWithPhoneNo -->
  <testcase classname="GroupExecution.CreateContactTest" name="CreateContactWithDate" time="0.0">
    <ignored/>
  </testcase> <!-- CreateContactWithDate -->
</testsuite> <!-- Test -->
